<?xml version="1.0" encoding="UTF-8"?>
<!-- Generated by org.testng.reporters.JUnitXMLReporter -->
<testsuite ignored="0" hostname="IN-7250BK3" failures="0" tests="11" name="Test" time="15.878" errors="0" timestamp="03 Oct 2023 11:46:45 GMT">
  <testcase classname="Board.BoardGenerator" name="Post" time="3.958"/>
  <testcase classname="Board.GetBoard" name="get" time="0.871"/>
  <testcase classname="Board.GetBoardNegativeTest" name="get" time="2.51"/>
  <testcase classname="Board.BoardUpdate" name="Put" time="0.925"/>
  <testcase classname="Board.CreateListonBoard" name="Post" time="0.896"/>
  <testcase classname="Card.CreateCard" name="post" time="0.987"/>
  <testcase classname="Card.GetCard" name="Get" time="0.795"/>
  <testcase classname="Card.GetCardNegativeTest" name="Get" time="0.811"/>
  <testcase classname="Card.UpdateCard" name="Put" time="0.929"/>
  <testcase classname="Card.DeleteCard" name="del" time="1.297"/>
  <testcase classname="Board.DeleteBoard" name="del" time="1.835"/>
</testsuite> <!-- Test -->
