<?xml version="1.0" encoding="UTF-8"?>
<!-- Generated by org.testng.reporters.JUnitXMLReporter -->
<testsuite ignored="0" hostname="IN-7250BK3" failures="0" tests="11" name="Test" time="18.539" errors="0" timestamp="03 Oct 2023 12:02:57 GMT">
  <testcase classname="Board.BoardGenerator" name="Post" time="6.968"/>
  <testcase classname="Board.GetBoard" name="get" time="0.935"/>
  <testcase classname="Board.GetBoardNegativeTest" name="get" time="0.883"/>
  <testcase classname="Board.BoardUpdate" name="Put" time="1.052"/>
  <testcase classname="Board.CreateListonBoard" name="Post" time="1.009"/>
  <testcase classname="Card.CreateCard" name="post" time="1.159"/>
  <testcase classname="Card.GetCard" name="Get" time="0.907"/>
  <testcase classname="Card.GetCardNegativeTest" name="Get" time="0.852"/>
  <testcase classname="Card.UpdateCard" name="Put" time="0.937"/>
  <testcase classname="Card.DeleteCard" name="del" time="1.842"/>
  <testcase classname="Board.DeleteBoard" name="del" time="1.927"/>
</testsuite> <!-- Test -->
